<?xml version="1.0" encoding="UTF-8"?>
<testng-results skipped="0" failed="0" ignored="0" total="2" passed="2">
  <reporter-output>
  </reporter-output>
  <suite name="Surefire suite" duration-ms="32" started-at="2021-05-13T14:08:41Z" finished-at="2021-05-13T14:08:41Z">
    <groups>
    </groups>
    <test name="Surefire test" duration-ms="32" started-at="2021-05-13T14:08:41Z" finished-at="2021-05-13T14:08:41Z">
      <class name="Academy.AppiumTest">
        <test-method status="PASS" signature="NativeAppandroid()[pri:0, instance:Academy.AppiumTest@1a407d53]" name="NativeAppandroid" duration-ms="6" started-at="2021-05-13T14:08:41Z" finished-at="2021-05-13T14:08:41Z">
          <reporter-output>
          </reporter-output>
        </test-method> <!-- NativeAppandroid -->
      </class> <!-- Academy.AppiumTest -->
      <class name="Academy.SeleniumeTest">
        <test-method status="PASS" signature="BrowserAutomation()[pri:0, instance:Academy.SeleniumeTest@3d8c7aca]" name="BrowserAutomation" duration-ms="0" started-at="2021-05-13T14:08:41Z" finished-at="2021-05-13T14:08:41Z">
          <reporter-output>
          </reporter-output>
        </test-method> <!-- BrowserAutomation -->
      </class> <!-- Academy.SeleniumeTest -->
    </test> <!-- Surefire test -->
  </suite> <!-- Surefire suite -->
</testng-results>
