<?xml version="1.0" encoding="UTF-8"?>
<testsuite xmlns:xsi="http://www.w3.org/2001/XMLSchema-instance" xsi:noNamespaceSchemaLocation="https://maven.apache.org/surefire/maven-surefire-plugin/xsd/surefire-test-report.xsd" name="TestSuite" time="1.601" tests="2" errors="0" skipped="0" failures="0">
  <properties>
[...]
</properties>
  <testcase name="NativeAppandroid" classname="Academy.AppiumTest" time="0.008"/>
  <testcase name="BrowserAutomation" classname="Academy.SeleniumeTest" time="0.002"/>
</testsuite>