<?xml version="1.0" encoding="UTF-8"?>
<testng-results ignored="0" total="1" passed="1" failed="0" skipped="0">
  <reporter-output>
  </reporter-output>
  <suite started-at="2021-05-13T14:47:23 IST" name="Default suite" finished-at="2021-05-13T14:47:23 IST" duration-ms="38">
    <groups>
    </groups>
    <test started-at="2021-05-13T14:47:23 IST" name="Default test" finished-at="2021-05-13T14:47:23 IST" duration-ms="38">
      <class name="Academy.SeleniumeTest">
        <test-method signature="BrowserAutomation()[pri:0, instance:Academy.SeleniumeTest@7671cb68]" started-at="2021-05-13T14:47:23 IST" name="BrowserAutomation" finished-at="2021-05-13T14:47:23 IST" duration-ms="6" status="PASS">
          <reporter-output>
          </reporter-output>
        </test-method> <!-- BrowserAutomation -->
      </class> <!-- Academy.SeleniumeTest -->
    </test> <!-- Default test -->
  </suite> <!-- Default suite -->
</testng-results>
